Using pre-set license
Built from '2020.3/release' branch; Version is '2020.3.1f1 (77a89f25062f) revision 7841951'; Using compiler version '192528614'; Build Type 'Release'
OS: 'Windows 10 Pro; OS build 22621.1555; Version 2009; 64bit' Language: 'ko' Physical Memory: 130831 MB
BatchMode: 1, IsHumanControllingUs: 0, StartBugReporterOnCrash: 0, Is64bit: 1, IsPro: 0

 COMMAND LINE ARGUMENTS:
C:\Program Files\Unity\Hub\Editor\2020.3.1f1\Editor\Unity.exe
-adb2
-batchMode
-noUpm
-name
AssetImportWorker0
-projectPath
C:/Users/user/Github/Create-with-VR_2020LTSBBB/Create-with-VR_2020LTS/VR Room Project
-logFile
Logs/AssetImportWorker0.log
-srvPort
49945
Successfully changed project path to: C:/Users/user/Github/Create-with-VR_2020LTSBBB/Create-with-VR_2020LTS/VR Room Project
C:/Users/user/Github/Create-with-VR_2020LTSBBB/Create-with-VR_2020LTS/VR Room Project
Using Asset Import Pipeline V2.
Refreshing native plugins compatible for Editor in 36.94 ms, found 14 plugins.
Preloading 2 native plugins for Editor in 1.06 ms.
Initialize engine version: 2020.3.1f1 (77a89f25062f)
[Subsystems] Discovering subsystems at path C:/Program Files/Unity/Hub/Editor/2020.3.1f1/Editor/Data/Resources/UnitySubsystems
[Subsystems] Discovering subsystems at path C:/Users/user/Github/Create-with-VR_2020LTSBBB/Create-with-VR_2020LTS/VR Room Project/Assets
GfxDevice: creating device client; threaded=0
Direct3D:
    Version:  Direct3D 11.0 [level 11.1]
    Renderer: NVIDIA GeForce RTX 3090 Ti (ID=0x2203)
    Vendor:   
    VRAM:     24336 MB
    Driver:   30.0.15.1216
Shader 'Universal Render Pipeline/Particles/Lit': fallback shader 'Universal Render Pipeline/Particles/SimpleLit' not found
Initialize mono
Mono path[0] = 'C:/Program Files/Unity/Hub/Editor/2020.3.1f1/Editor/Data/Managed'
Mono path[1] = 'C:/Program Files/Unity/Hub/Editor/2020.3.1f1/Editor/Data/MonoBleedingEdge/lib/mono/unityjit'
Mono config path = 'C:/Program Files/Unity/Hub/Editor/2020.3.1f1/Editor/Data/MonoBleedingEdge/etc'
Using monoOptions --debugger-agent=transport=dt_socket,embedding=1,server=y,suspend=n,address=127.0.0.1:56684
Begin MonoManager ReloadAssembly
Registering precompiled unity dll's ...
Register platform support module: C:/Program Files/Unity/Hub/Editor/2020.3.1f1/Editor/Data/PlaybackEngines/WebGLSupport/UnityEditor.WebGL.Extensions.dll
Register platform support module: C:/Program Files/Unity/Hub/Editor/2020.3.1f1/Editor/Data/PlaybackEngines/WindowsStandaloneSupport/UnityEditor.WindowsStandalone.Extensions.dll
Registered in 0.000953 seconds.
Native extension for WindowsStandalone target not found
Native extension for WebGL target not found
Refreshing native plugins compatible for Editor in 32.03 ms, found 14 plugins.
Preloading 2 native plugins for Editor in 0.07 ms.
Invoked RoslynAnalysisRunner static constructor.
RoslynAnalysisRunner will not be running.
RoslynAnalysisRunner has terminated.
Mono: successfully reloaded assembly
- Completed reload, in  0.910 seconds
Platform modules already initialized, skipping
Registering precompiled user dll's ...
Registered in 0.003209 seconds.
Begin MonoManager ReloadAssembly
Native extension for WindowsStandalone target not found
Native extension for WebGL target not found
Refreshing native plugins compatible for Editor in 32.59 ms, found 14 plugins.
Preloading 2 native plugins for Editor in 0.07 ms.
Invoked RoslynAnalysisRunner static constructor.
RoslynAnalysisRunner will not be running.
RoslynAnalysisRunner has terminated.
[XR] OculusXRPlugin: registering subsystems
[XR] Unable to register display lifecyle provider: [1]
[XR] Oculus Input lifecycle provider registered.
[XR] Unable to register input lifecyle provider: [1]
NullReferenceException: Object reference not set to an instance of an object
  at Unity.XR.Oculus.OculusLoader.AssetPathToAbsolutePath (System.String assetPath) [0x00048] in C:\Users\user\Downloads\Create-with-VR_2020LTSBBB\Create-with-VR_2020LTS\VR Room Project\Library\PackageCache\com.unity.xr.oculus@1.8.1\Runtime\OculusLoader.cs:243 
  at Unity.XR.Oculus.OculusLoader.EditorLoadOVRPlugin () [0x0007b] in C:\Users\user\Downloads\Create-with-VR_2020LTSBBB\Create-with-VR_2020LTS\VR Room Project\Library\PackageCache\com.unity.xr.oculus@1.8.1\Runtime\OculusLoader.cs:228 

(Filename: C:/Users/user/Downloads/Create-with-VR_2020LTSBBB/Create-with-VR_2020LTS/VR Room Project/Library/PackageCache/com.unity.xr.oculus@1.8.1/Runtime/OculusLoader.cs Line: 243)

Mono: successfully reloaded assembly
- Completed reload, in  0.577 seconds
Platform modules already initialized, skipping
========================================================================
Worker process is ready to serve import requests
Shader 'Universal Render Pipeline/Particles/Lit': fallback shader 'Universal Render Pipeline/Particles/SimpleLit' not found
Launched and connected shader compiler UnityShaderCompiler.exe after 0.02 seconds
Refreshing native plugins compatible for Editor in 0.57 ms, found 14 plugins.
Preloading 2 native plugins for Editor in 0.08 ms.
Unloading 3296 Unused Serialized files (Serialized files now loaded: 0)
System memory in use before: 148.1 MB.
System memory in use after: 95.5 MB.

Unloading 27 unused Assets to reduce memory usage. Loaded Objects now: 3731.
Total: 2.133300 ms (FindLiveObjects: 0.146100 ms CreateObjectMapping: 0.038600 ms MarkObjects: 1.904300 ms  DeleteObjects: 0.043500 ms)

========================================================================
Received Import Request.
  path: Assets/_Course Library/Materials/Object Materials/Material_Main_Transparent.mat
  artifactKey: Guid(7e4bc184b550df0439bc48fa081ab712) Importer(815301076,1909f56bfc062723c751e8b465ee728b)
Start importing Assets/_Course Library/Materials/Object Materials/Material_Main_Transparent.mat using Guid(7e4bc184b550df0439bc48fa081ab712) Importer(815301076,1909f56bfc062723c751e8b465ee728b)  -> (artifact id: '6d417ee1359bb56af06d0968f95b8ea2') in 0.114895 seconds
  Import took 0.117880 seconds .

========================================================================
Received Import Request.
  Time since last request: 194.166668 seconds.
  path: Assets/_Course Library/Video
  artifactKey: Guid(efa1fe7b516df4484a0b824d08ffb841) Importer(815301076,1909f56bfc062723c751e8b465ee728b)
Start importing Assets/_Course Library/Video using Guid(efa1fe7b516df4484a0b824d08ffb841) Importer(815301076,1909f56bfc062723c751e8b465ee728b)  -> (artifact id: 'eb51b510df59364b3343c9ce1c313a8a') in 0.005378 seconds
  Import took 0.009392 seconds .

========================================================================
Received Import Request.
  Time since last request: 0.031716 seconds.
  path: Assets/_Course Library/Video/Video_Unity-for-everyone.mp4
  artifactKey: Guid(c675fc381244840f4900887e1b0870d7) Importer(815301076,1909f56bfc062723c751e8b465ee728b)
Start importing Assets/_Course Library/Video/Video_Unity-for-everyone.mp4 using Guid(c675fc381244840f4900887e1b0870d7) Importer(815301076,1909f56bfc062723c751e8b465ee728b)  -> (artifact id: 'bd621a082b679cfcba71c45338ed1535') in 0.025816 seconds
  Import took 0.029182 seconds .

========================================================================
Received Import Request.
  Time since last request: 0.000126 seconds.
  path: Assets/_Course Library/Video/Video_Unity-shape-the-world.mp4
  artifactKey: Guid(8cd99a81a5fad4847b8aa48a15272de0) Importer(815301076,1909f56bfc062723c751e8b465ee728b)
Start importing Assets/_Course Library/Video/Video_Unity-shape-the-world.mp4 using Guid(8cd99a81a5fad4847b8aa48a15272de0) Importer(815301076,1909f56bfc062723c751e8b465ee728b)  -> (artifact id: 'cc5eeefa30c4b2f4df8ff0222d512eec') in 0.008206 seconds
  Import took 0.011027 seconds .

========================================================================
Received Import Request.
  Time since last request: 14.917799 seconds.
  path: Assets/_Course Library/Models/Slider_1.fbx
  artifactKey: Guid(2e68c8d1a02debb4d8c26e384e21498a) Importer(815301076,1909f56bfc062723c751e8b465ee728b)
Start importing Assets/_Course Library/Models/Slider_1.fbx using Guid(2e68c8d1a02debb4d8c26e384e21498a) Importer(815301076,1909f56bfc062723c751e8b465ee728b)  -> (artifact id: '0386c643803acd32b033cfdfca7e4631') in 0.087830 seconds
  Import took 0.091465 seconds .

========================================================================
Received Import Request.
  Time since last request: 0.000123 seconds.
  path: Assets/_Course Library/Models/Slider_2.FBX
  artifactKey: Guid(dcbacd2e11ea73b4ea57e56fed4ae4b8) Importer(815301076,1909f56bfc062723c751e8b465ee728b)
Start importing Assets/_Course Library/Models/Slider_2.FBX using Guid(dcbacd2e11ea73b4ea57e56fed4ae4b8) Importer(815301076,1909f56bfc062723c751e8b465ee728b)  -> (artifact id: 'f28610918e91f024c6141f3dc8472636') in 0.053140 seconds
  Import took 0.056411 seconds .

========================================================================
Received Import Request.
  Time since last request: 0.000143 seconds.
  path: Assets/_Course Library/Models/Slider_1.fbx
  artifactKey: Guid(2e68c8d1a02debb4d8c26e384e21498a) Importer(815301076,1909f56bfc062723c751e8b465ee728b)
Start importing Assets/_Course Library/Models/Slider_1.fbx using Guid(2e68c8d1a02debb4d8c26e384e21498a) Importer(815301076,1909f56bfc062723c751e8b465ee728b)  -> (artifact id: '0386c643803acd32b033cfdfca7e4631') in 0.033020 seconds
  Import took 0.035977 seconds .

========================================================================
Received Import Request.
  Time since last request: 0.000114 seconds.
  path: Assets/_Course Library/Models/Plant_Snake.fbx
  artifactKey: Guid(fe0f3b6d90cb7de4c8d4741bf31c5a6b) Importer(815301076,1909f56bfc062723c751e8b465ee728b)
Start importing Assets/_Course Library/Models/Plant_Snake.fbx using Guid(fe0f3b6d90cb7de4c8d4741bf31c5a6b) Importer(815301076,1909f56bfc062723c751e8b465ee728b)  -> (artifact id: '84a5c8c0b1f4871c16e535236ee29e64') in 0.023598 seconds
  Import took 0.026748 seconds .

========================================================================
Received Import Request.
  Time since last request: 0.686724 seconds.
  path: Assets/_Course Library/Models/Plant_Pot_Round.fbx
  artifactKey: Guid(3f653719e6a05cc4d920120a8ec8f03b) Importer(815301076,1909f56bfc062723c751e8b465ee728b)
Start importing Assets/_Course Library/Models/Plant_Pot_Round.fbx using Guid(3f653719e6a05cc4d920120a8ec8f03b) Importer(815301076,1909f56bfc062723c751e8b465ee728b)  -> (artifact id: '2a72ca588744fd79c8f9e41b6dcebec6') in 0.017740 seconds
  Import took 0.020748 seconds .

========================================================================
Received Import Request.
  Time since last request: 0.000122 seconds.
  path: Assets/_Course Library/Models/Clock_Digital.FBX
  artifactKey: Guid(db825e9dcb189af418a836ed20a68ac8) Importer(815301076,1909f56bfc062723c751e8b465ee728b)
Start importing Assets/_Course Library/Models/Clock_Digital.FBX using Guid(db825e9dcb189af418a836ed20a68ac8) Importer(815301076,1909f56bfc062723c751e8b465ee728b)  -> (artifact id: 'ad4a914d26c00f37fd50d8f875e095ba') in 0.016196 seconds
  Import took 0.019276 seconds .

========================================================================
Received Import Request.
  Time since last request: 0.004561 seconds.
  path: Assets/_Course Library/Materials/Solid Colors/Black.mat
  artifactKey: Guid(44b2a3a1458da6a4a94c228d967474ad) Importer(815301076,1909f56bfc062723c751e8b465ee728b)
Start importing Assets/_Course Library/Materials/Solid Colors/Black.mat using Guid(44b2a3a1458da6a4a94c228d967474ad) Importer(815301076,1909f56bfc062723c751e8b465ee728b)  -> (artifact id: '77c01f355aa7f851e88a3934406b4777') in 0.006986 seconds
  Import took 0.010371 seconds .

========================================================================
Received Import Request.
  Time since last request: 0.000124 seconds.
  path: Assets/_Course Library/Materials/Solid Colors/Blue.mat
  artifactKey: Guid(5750f18e988befc4f9a61a61a7da484a) Importer(815301076,1909f56bfc062723c751e8b465ee728b)
Start importing Assets/_Course Library/Materials/Solid Colors/Blue.mat using Guid(5750f18e988befc4f9a61a61a7da484a) Importer(815301076,1909f56bfc062723c751e8b465ee728b)  -> (artifact id: '9cfd8aa83cb0d21858629f4b6bf4fbb6') in 0.010616 seconds
  Import took 0.013557 seconds .

========================================================================
Received Import Request.
  Time since last request: 0.025035 seconds.
  path: Assets/Challenges/03_Training/Materials/Blue.mat
  artifactKey: Guid(f6456bf8d27bb1248a1fd0cb2164aa7b) Importer(815301076,1909f56bfc062723c751e8b465ee728b)
Start importing Assets/Challenges/03_Training/Materials/Blue.mat using Guid(f6456bf8d27bb1248a1fd0cb2164aa7b) Importer(815301076,1909f56bfc062723c751e8b465ee728b)  -> (artifact id: 'e51663230b06bfdf8d32abe6fccacb71') in 0.013518 seconds
  Import took 0.016535 seconds .

========================================================================
Received Import Request.
  Time since last request: 0.000118 seconds.
  path: Assets/Challenges/02_3DPainting/Materials/Blue.mat
  artifactKey: Guid(883b51d7f702a457e914d827f896d06d) Importer(815301076,1909f56bfc062723c751e8b465ee728b)
Start importing Assets/Challenges/02_3DPainting/Materials/Blue.mat using Guid(883b51d7f702a457e914d827f896d06d) Importer(815301076,1909f56bfc062723c751e8b465ee728b)  -> (artifact id: 'bf36b41db5244d679bb8cb7fbea67337') in 0.009776 seconds
  Import took 0.012700 seconds .

========================================================================
Received Prepare
Registering precompiled user dll's ...
Registered in 0.003096 seconds.
Begin MonoManager ReloadAssembly
Native extension for WindowsStandalone target not found
Native extension for WebGL target not found
Refreshing native plugins compatible for Editor in 0.69 ms, found 14 plugins.
Preloading 2 native plugins for Editor in 0.08 ms.
Invoked RoslynAnalysisRunner static constructor.
RoslynAnalysisRunner will not be running.
RoslynAnalysisRunner has terminated.
NullReferenceException: Object reference not set to an instance of an object
  at Unity.XR.Oculus.OculusLoader.AssetPathToAbsolutePath (System.String assetPath) [0x00048] in C:\Users\user\Downloads\Create-with-VR_2020LTSBBB\Create-with-VR_2020LTS\VR Room Project\Library\PackageCache\com.unity.xr.oculus@1.8.1\Runtime\OculusLoader.cs:243 
  at Unity.XR.Oculus.OculusLoader.EditorLoadOVRPlugin () [0x0007b] in C:\Users\user\Downloads\Create-with-VR_2020LTSBBB\Create-with-VR_2020LTS\VR Room Project\Library\PackageCache\com.unity.xr.oculus@1.8.1\Runtime\OculusLoader.cs:228 

(Filename: C:/Users/user/Downloads/Create-with-VR_2020LTSBBB/Create-with-VR_2020LTS/VR Room Project/Library/PackageCache/com.unity.xr.oculus@1.8.1/Runtime/OculusLoader.cs Line: 243)

Mono: successfully reloaded assembly
- Completed reload, in  0.628 seconds
Platform modules already initialized, skipping
Switching build target platform(5) subTarget(0) extendedPlatform(0) -> platform(13) subTarget(524288) extendedPlatform(0)
Shader 'Universal Render Pipeline/Particles/Lit': fallback shader 'Universal Render Pipeline/Particles/SimpleLit' not found
Refreshing native plugins compatible for Editor in 0.66 ms, found 14 plugins.
Preloading 2 native plugins for Editor in 0.08 ms.
Unloading 3141 Unused Serialized files (Serialized files now loaded: 0)
System memory in use before: 158.8 MB.
System memory in use after: 159.0 MB.

Unloading 20 unused Assets to reduce memory usage. Loaded Objects now: 3815.
Total: 1.409900 ms (FindLiveObjects: 0.159500 ms CreateObjectMapping: 0.042800 ms MarkObjects: 1.190700 ms  DeleteObjects: 0.016100 ms)

AssetImportParameters requested are different than current active one (requested -> active):
  custom:graphics/normal-map-encoding: 01000000000000000000000000000000 -> 02000000000000000000000000000000
========================================================================
Received Prepare
Registering precompiled user dll's ...
Registered in 0.484248 seconds.
Begin MonoManager ReloadAssembly
Native extension for WindowsStandalone target not found
Native extension for WebGL target not found
Refreshing native plugins compatible for Editor in 0.68 ms, found 14 plugins.
Preloading 2 native plugins for Editor in 0.08 ms.
Invoked RoslynAnalysisRunner static constructor.
RoslynAnalysisRunner will not be running.
RoslynAnalysisRunner has terminated.
NullReferenceException: Object reference not set to an instance of an object
  at Unity.XR.Oculus.OculusLoader.AssetPathToAbsolutePath (System.String assetPath) [0x00048] in C:\Users\user\Downloads\Create-with-VR_2020LTSBBB\Create-with-VR_2020LTS\VR Room Project\Library\PackageCache\com.unity.xr.oculus@1.8.1\Runtime\OculusLoader.cs:243 
  at Unity.XR.Oculus.OculusLoader.EditorLoadOVRPlugin () [0x0007b] in C:\Users\user\Downloads\Create-with-VR_2020LTSBBB\Create-with-VR_2020LTS\VR Room Project\Library\PackageCache\com.unity.xr.oculus@1.8.1\Runtime\OculusLoader.cs:228 

(Filename: C:/Users/user/Downloads/Create-with-VR_2020LTSBBB/Create-with-VR_2020LTS/VR Room Project/Library/PackageCache/com.unity.xr.oculus@1.8.1/Runtime/OculusLoader.cs Line: 243)

Mono: successfully reloaded assembly
- Completed reload, in  0.640 seconds
Platform modules already initialized, skipping
Switching build target platform(5) subTarget(0) extendedPlatform(0) -> platform(13) subTarget(524288) extendedPlatform(0)
Shader 'Universal Render Pipeline/Particles/Lit': fallback shader 'Universal Render Pipeline/Particles/SimpleLit' not found
Refreshing native plugins compatible for Editor in 0.69 ms, found 14 plugins.
Preloading 2 native plugins for Editor in 0.10 ms.
Unloading 3141 Unused Serialized files (Serialized files now loaded: 0)
System memory in use before: 158.8 MB.
System memory in use after: 159.1 MB.

Unloading 20 unused Assets to reduce memory usage. Loaded Objects now: 3819.
Total: 1.971300 ms (FindLiveObjects: 0.297100 ms CreateObjectMapping: 0.057600 ms MarkObjects: 1.598600 ms  DeleteObjects: 0.016900 ms)

AssetImportParameters requested are different than current active one (requested -> active):
  custom:graphics/normal-map-encoding: 01000000000000000000000000000000 -> 02000000000000000000000000000000
========================================================================
Received Prepare
Registering precompiled user dll's ...
Registered in 0.003176 seconds.
Begin MonoManager ReloadAssembly
Native extension for WindowsStandalone target not found
Native extension for WebGL target not found
Refreshing native plugins compatible for Editor in 0.67 ms, found 14 plugins.
Preloading 2 native plugins for Editor in 0.08 ms.
Invoked RoslynAnalysisRunner static constructor.
RoslynAnalysisRunner will not be running.
RoslynAnalysisRunner has terminated.
NullReferenceException: Object reference not set to an instance of an object
  at Unity.XR.Oculus.OculusLoader.AssetPathToAbsolutePath (System.String assetPath) [0x00048] in C:\Users\user\Downloads\Create-with-VR_2020LTSBBB\Create-with-VR_2020LTS\VR Room Project\Library\PackageCache\com.unity.xr.oculus@1.8.1\Runtime\OculusLoader.cs:243 
  at Unity.XR.Oculus.OculusLoader.EditorLoadOVRPlugin () [0x0007b] in C:\Users\user\Downloads\Create-with-VR_2020LTSBBB\Create-with-VR_2020LTS\VR Room Project\Library\PackageCache\com.unity.xr.oculus@1.8.1\Runtime\OculusLoader.cs:228 

(Filename: C:/Users/user/Downloads/Create-with-VR_2020LTSBBB/Create-with-VR_2020LTS/VR Room Project/Library/PackageCache/com.unity.xr.oculus@1.8.1/Runtime/OculusLoader.cs Line: 243)

Mono: successfully reloaded assembly
- Completed reload, in  0.631 seconds
Platform modules already initialized, skipping
Switching build target platform(5) subTarget(0) extendedPlatform(0) -> platform(13) subTarget(524288) extendedPlatform(0)
Shader 'Universal Render Pipeline/Particles/Lit': fallback shader 'Universal Render Pipeline/Particles/SimpleLit' not found
Refreshing native plugins compatible for Editor in 0.64 ms, found 14 plugins.
Preloading 2 native plugins for Editor in 0.07 ms.
Unloading 3141 Unused Serialized files (Serialized files now loaded: 0)
System memory in use before: 158.9 MB.
System memory in use after: 159.1 MB.

Unloading 20 unused Assets to reduce memory usage. Loaded Objects now: 3823.
Total: 1.547000 ms (FindLiveObjects: 0.170500 ms CreateObjectMapping: 0.040400 ms MarkObjects: 1.321800 ms  DeleteObjects: 0.013600 ms)

AssetImportParameters requested are different than current active one (requested -> active):
  custom:graphics/normal-map-encoding: 01000000000000000000000000000000 -> 02000000000000000000000000000000
========================================================================
Received Prepare
Registering precompiled user dll's ...
Registered in 0.003267 seconds.
Begin MonoManager ReloadAssembly
Native extension for WindowsStandalone target not found
Native extension for WebGL target not found
Refreshing native plugins compatible for Editor in 0.67 ms, found 14 plugins.
Preloading 2 native plugins for Editor in 0.09 ms.
Invoked RoslynAnalysisRunner static constructor.
RoslynAnalysisRunner will not be running.
RoslynAnalysisRunner has terminated.
NullReferenceException: Object reference not set to an instance of an object
  at Unity.XR.Oculus.OculusLoader.AssetPathToAbsolutePath (System.String assetPath) [0x00048] in C:\Users\user\Downloads\Create-with-VR_2020LTSBBB\Create-with-VR_2020LTS\VR Room Project\Library\PackageCache\com.unity.xr.oculus@1.8.1\Runtime\OculusLoader.cs:243 
  at Unity.XR.Oculus.OculusLoader.EditorLoadOVRPlugin () [0x0007b] in C:\Users\user\Downloads\Create-with-VR_2020LTSBBB\Create-with-VR_2020LTS\VR Room Project\Library\PackageCache\com.unity.xr.oculus@1.8.1\Runtime\OculusLoader.cs:228 

(Filename: C:/Users/user/Downloads/Create-with-VR_2020LTSBBB/Create-with-VR_2020LTS/VR Room Project/Library/PackageCache/com.unity.xr.oculus@1.8.1/Runtime/OculusLoader.cs Line: 243)

Mono: successfully reloaded assembly
- Completed reload, in  0.635 seconds
Platform modules already initialized, skipping
Switching build target platform(5) subTarget(0) extendedPlatform(0) -> platform(13) subTarget(524288) extendedPlatform(0)
Shader 'Universal Render Pipeline/Particles/Lit': fallback shader 'Universal Render Pipeline/Particles/SimpleLit' not found
Refreshing native plugins compatible for Editor in 0.68 ms, found 14 plugins.
Preloading 2 native plugins for Editor in 0.08 ms.
Unloading 3141 Unused Serialized files (Serialized files now loaded: 0)
System memory in use before: 158.9 MB.
System memory in use after: 159.1 MB.

Unloading 20 unused Assets to reduce memory usage. Loaded Objects now: 3827.
Total: 1.735200 ms (FindLiveObjects: 0.183300 ms CreateObjectMapping: 0.054600 ms MarkObjects: 1.479800 ms  DeleteObjects: 0.016600 ms)

AssetImportParameters requested are different than current active one (requested -> active):
  custom:graphics/normal-map-encoding: 01000000000000000000000000000000 -> 02000000000000000000000000000000
========================================================================
Received Import Request.
  Time since last request: 7398.842644 seconds.
  path: ProjectSettings/TagManager.asset
  artifactKey: Guid(00000000000000003000000000000000) Importer(815301076,1909f56bfc062723c751e8b465ee728b)
Start importing ProjectSettings/TagManager.asset using Guid(00000000000000003000000000000000) Importer(815301076,1909f56bfc062723c751e8b465ee728b)  -> (artifact id: 'cf98e1b9aa830d935685c591cd1d330a') in 0.017947 seconds
  Import took 0.023815 seconds .

========================================================================
Received Prepare
Registering precompiled user dll's ...
Registered in 0.003259 seconds.
Begin MonoManager ReloadAssembly
Native extension for WindowsStandalone target not found
Native extension for WebGL target not found
Refreshing native plugins compatible for Editor in 0.64 ms, found 14 plugins.
Preloading 2 native plugins for Editor in 0.12 ms.
Invoked RoslynAnalysisRunner static constructor.
RoslynAnalysisRunner will not be running.
RoslynAnalysisRunner has terminated.
NullReferenceException: Object reference not set to an instance of an object
  at Unity.XR.Oculus.OculusLoader.AssetPathToAbsolutePath (System.String assetPath) [0x00048] in C:\Users\user\Downloads\Create-with-VR_2020LTSBBB\Create-with-VR_2020LTS\VR Room Project\Library\PackageCache\com.unity.xr.oculus@1.8.1\Runtime\OculusLoader.cs:243 
  at Unity.XR.Oculus.OculusLoader.EditorLoadOVRPlugin () [0x0007b] in C:\Users\user\Downloads\Create-with-VR_2020LTSBBB\Create-with-VR_2020LTS\VR Room Project\Library\PackageCache\com.unity.xr.oculus@1.8.1\Runtime\OculusLoader.cs:228 

(Filename: C:/Users/user/Downloads/Create-with-VR_2020LTSBBB/Create-with-VR_2020LTS/VR Room Project/Library/PackageCache/com.unity.xr.oculus@1.8.1/Runtime/OculusLoader.cs Line: 243)

Mono: successfully reloaded assembly
- Completed reload, in  0.632 seconds
Platform modules already initialized, skipping
Switching build target platform(5) subTarget(0) extendedPlatform(0) -> platform(13) subTarget(524288) extendedPlatform(0)
Shader 'Universal Render Pipeline/Particles/Lit': fallback shader 'Universal Render Pipeline/Particles/SimpleLit' not found
Refreshing native plugins compatible for Editor in 0.69 ms, found 14 plugins.
Preloading 2 native plugins for Editor in 0.09 ms.
Unloading 3141 Unused Serialized files (Serialized files now loaded: 0)
System memory in use before: 158.9 MB.
System memory in use after: 159.2 MB.

Unloading 21 unused Assets to reduce memory usage. Loaded Objects now: 3831.
Total: 1.510600 ms (FindLiveObjects: 0.220300 ms CreateObjectMapping: 0.047400 ms MarkObjects: 1.228800 ms  DeleteObjects: 0.013400 ms)

AssetImportParameters requested are different than current active one (requested -> active):
  custom:graphics/normal-map-encoding: 01000000000000000000000000000000 -> 02000000000000000000000000000000
========================================================================
Received Prepare
Registering precompiled user dll's ...
Registered in 0.003185 seconds.
Begin MonoManager ReloadAssembly
Native extension for WindowsStandalone target not found
Native extension for WebGL target not found
Refreshing native plugins compatible for Editor in 0.70 ms, found 14 plugins.
Preloading 2 native plugins for Editor in 0.08 ms.
Invoked RoslynAnalysisRunner static constructor.
RoslynAnalysisRunner will not be running.
RoslynAnalysisRunner has terminated.
NullReferenceException: Object reference not set to an instance of an object
  at Unity.XR.Oculus.OculusLoader.AssetPathToAbsolutePath (System.String assetPath) [0x00048] in C:\Users\user\Downloads\Create-with-VR_2020LTSBBB\Create-with-VR_2020LTS\VR Room Project\Library\PackageCache\com.unity.xr.oculus@1.8.1\Runtime\OculusLoader.cs:243 
  at Unity.XR.Oculus.OculusLoader.EditorLoadOVRPlugin () [0x0007b] in C:\Users\user\Downloads\Create-with-VR_2020LTSBBB\Create-with-VR_2020LTS\VR Room Project\Library\PackageCache\com.unity.xr.oculus@1.8.1\Runtime\OculusLoader.cs:228 

(Filename: C:/Users/user/Downloads/Create-with-VR_2020LTSBBB/Create-with-VR_2020LTS/VR Room Project/Library/PackageCache/com.unity.xr.oculus@1.8.1/Runtime/OculusLoader.cs Line: 243)

Mono: successfully reloaded assembly
- Completed reload, in  0.626 seconds
Platform modules already initialized, skipping
Switching build target platform(5) subTarget(0) extendedPlatform(0) -> platform(13) subTarget(524288) extendedPlatform(0)
Shader 'Universal Render Pipeline/Particles/Lit': fallback shader 'Universal Render Pipeline/Particles/SimpleLit' not found
Refreshing native plugins compatible for Editor in 0.64 ms, found 14 plugins.
Preloading 2 native plugins for Editor in 0.07 ms.
Unloading 3141 Unused Serialized files (Serialized files now loaded: 0)
System memory in use before: 158.9 MB.
System memory in use after: 159.2 MB.

Unloading 20 unused Assets to reduce memory usage. Loaded Objects now: 3835.
Total: 1.787000 ms (FindLiveObjects: 0.183300 ms CreateObjectMapping: 0.040500 ms MarkObjects: 1.547100 ms  DeleteObjects: 0.015100 ms)

AssetImportParameters requested are different than current active one (requested -> active):
  custom:graphics/normal-map-encoding: 01000000000000000000000000000000 -> 02000000000000000000000000000000
========================================================================
Received Prepare
Registering precompiled user dll's ...
Registered in 0.002998 seconds.
Begin MonoManager ReloadAssembly
Native extension for WindowsStandalone target not found
Native extension for WebGL target not found
Refreshing native plugins compatible for Editor in 0.65 ms, found 14 plugins.
Preloading 2 native plugins for Editor in 0.08 ms.
Invoked RoslynAnalysisRunner static constructor.
RoslynAnalysisRunner will not be running.
RoslynAnalysisRunner has terminated.
NullReferenceException: Object reference not set to an instance of an object
  at Unity.XR.Oculus.OculusLoader.AssetPathToAbsolutePath (System.String assetPath) [0x00048] in C:\Users\user\Downloads\Create-with-VR_2020LTSBBB\Create-with-VR_2020LTS\VR Room Project\Library\PackageCache\com.unity.xr.oculus@1.8.1\Runtime\OculusLoader.cs:243 
  at Unity.XR.Oculus.OculusLoader.EditorLoadOVRPlugin () [0x0007b] in C:\Users\user\Downloads\Create-with-VR_2020LTSBBB\Create-with-VR_2020LTS\VR Room Project\Library\PackageCache\com.unity.xr.oculus@1.8.1\Runtime\OculusLoader.cs:228 

(Filename: C:/Users/user/Downloads/Create-with-VR_2020LTSBBB/Create-with-VR_2020LTS/VR Room Project/Library/PackageCache/com.unity.xr.oculus@1.8.1/Runtime/OculusLoader.cs Line: 243)

Mono: successfully reloaded assembly
- Completed reload, in  0.632 seconds
Platform modules already initialized, skipping
Switching build target platform(5) subTarget(0) extendedPlatform(0) -> platform(13) subTarget(524288) extendedPlatform(0)
Shader 'Universal Render Pipeline/Particles/Lit': fallback shader 'Universal Render Pipeline/Particles/SimpleLit' not found
Refreshing native plugins compatible for Editor in 0.61 ms, found 14 plugins.
Preloading 2 native plugins for Editor in 0.07 ms.
Unloading 3141 Unused Serialized files (Serialized files now loaded: 0)
System memory in use before: 158.9 MB.
System memory in use after: 159.2 MB.

Unloading 20 unused Assets to reduce memory usage. Loaded Objects now: 3839.
Total: 1.574900 ms (FindLiveObjects: 0.198700 ms CreateObjectMapping: 0.066200 ms MarkObjects: 1.294700 ms  DeleteObjects: 0.014500 ms)

AssetImportParameters requested are different than current active one (requested -> active):
  custom:graphics/normal-map-encoding: 01000000000000000000000000000000 -> 02000000000000000000000000000000
========================================================================
Received Prepare
Registering precompiled user dll's ...
Registered in 0.002973 seconds.
Begin MonoManager ReloadAssembly
Native extension for WindowsStandalone target not found
Native extension for WebGL target not found
Refreshing native plugins compatible for Editor in 0.68 ms, found 14 plugins.
Preloading 2 native plugins for Editor in 0.12 ms.
Invoked RoslynAnalysisRunner static constructor.
RoslynAnalysisRunner will not be running.
RoslynAnalysisRunner has terminated.
NullReferenceException: Object reference not set to an instance of an object
  at Unity.XR.Oculus.OculusLoader.AssetPathToAbsolutePath (System.String assetPath) [0x00048] in C:\Users\user\Downloads\Create-with-VR_2020LTSBBB\Create-with-VR_2020LTS\VR Room Project\Library\PackageCache\com.unity.xr.oculus@1.8.1\Runtime\OculusLoader.cs:243 
  at Unity.XR.Oculus.OculusLoader.EditorLoadOVRPlugin () [0x0007b] in C:\Users\user\Downloads\Create-with-VR_2020LTSBBB\Create-with-VR_2020LTS\VR Room Project\Library\PackageCache\com.unity.xr.oculus@1.8.1\Runtime\OculusLoader.cs:228 

(Filename: C:/Users/user/Downloads/Create-with-VR_2020LTSBBB/Create-with-VR_2020LTS/VR Room Project/Library/PackageCache/com.unity.xr.oculus@1.8.1/Runtime/OculusLoader.cs Line: 243)

Mono: successfully reloaded assembly
- Completed reload, in  0.638 seconds
Platform modules already initialized, skipping
Switching build target platform(5) subTarget(0) extendedPlatform(0) -> platform(13) subTarget(524288) extendedPlatform(0)
Shader 'Universal Render Pipeline/Particles/Lit': fallback shader 'Universal Render Pipeline/Particles/SimpleLit' not found
Refreshing native plugins compatible for Editor in 0.70 ms, found 14 plugins.
Preloading 2 native plugins for Editor in 0.07 ms.
Unloading 3141 Unused Serialized files (Serialized files now loaded: 0)
System memory in use before: 159.0 MB.
System memory in use after: 159.2 MB.

Unloading 20 unused Assets to reduce memory usage. Loaded Objects now: 3843.
Total: 1.531200 ms (FindLiveObjects: 0.187600 ms CreateObjectMapping: 0.057000 ms MarkObjects: 1.272700 ms  DeleteObjects: 0.013200 ms)

AssetImportParameters requested are different than current active one (requested -> active):
  custom:graphics/normal-map-encoding: 01000000000000000000000000000000 -> 02000000000000000000000000000000
========================================================================
Received Prepare
Registering precompiled user dll's ...
Registered in 0.003022 seconds.
Begin MonoManager ReloadAssembly
Native extension for WindowsStandalone target not found
Native extension for WebGL target not found
Refreshing native plugins compatible for Editor in 0.76 ms, found 14 plugins.
Preloading 2 native plugins for Editor in 0.08 ms.
Invoked RoslynAnalysisRunner static constructor.
RoslynAnalysisRunner will not be running.
RoslynAnalysisRunner has terminated.
NullReferenceException: Object reference not set to an instance of an object
  at Unity.XR.Oculus.OculusLoader.AssetPathToAbsolutePath (System.String assetPath) [0x00048] in C:\Users\user\Downloads\Create-with-VR_2020LTSBBB\Create-with-VR_2020LTS\VR Room Project\Library\PackageCache\com.unity.xr.oculus@1.8.1\Runtime\OculusLoader.cs:243 
  at Unity.XR.Oculus.OculusLoader.EditorLoadOVRPlugin () [0x0007b] in C:\Users\user\Downloads\Create-with-VR_2020LTSBBB\Create-with-VR_2020LTS\VR Room Project\Library\PackageCache\com.unity.xr.oculus@1.8.1\Runtime\OculusLoader.cs:228 

(Filename: C:/Users/user/Downloads/Create-with-VR_2020LTSBBB/Create-with-VR_2020LTS/VR Room Project/Library/PackageCache/com.unity.xr.oculus@1.8.1/Runtime/OculusLoader.cs Line: 243)

Mono: successfully reloaded assembly
- Completed reload, in  0.654 seconds
Platform modules already initialized, skipping
Switching build target platform(5) subTarget(0) extendedPlatform(0) -> platform(13) subTarget(524288) extendedPlatform(0)
Shader 'Universal Render Pipeline/Particles/Lit': fallback shader 'Universal Render Pipeline/Particles/SimpleLit' not found
Refreshing native plugins compatible for Editor in 0.64 ms, found 14 plugins.
Preloading 2 native plugins for Editor in 0.07 ms.
Unloading 3141 Unused Serialized files (Serialized files now loaded: 0)
System memory in use before: 159.0 MB.
System memory in use after: 159.2 MB.

Unloading 20 unused Assets to reduce memory usage. Loaded Objects now: 3847.
Total: 1.644900 ms (FindLiveObjects: 0.190200 ms CreateObjectMapping: 0.074200 ms MarkObjects: 1.366500 ms  DeleteObjects: 0.013200 ms)

AssetImportParameters requested are different than current active one (requested -> active):
  custom:graphics/normal-map-encoding: 01000000000000000000000000000000 -> 02000000000000000000000000000000
========================================================================
Received Prepare
Registering precompiled user dll's ...
Registered in 0.003147 seconds.
Begin MonoManager ReloadAssembly
Native extension for WindowsStandalone target not found
Native extension for WebGL target not found
Refreshing native plugins compatible for Editor in 0.77 ms, found 14 plugins.
Preloading 2 native plugins for Editor in 0.08 ms.
Invoked RoslynAnalysisRunner static constructor.
RoslynAnalysisRunner will not be running.
RoslynAnalysisRunner has terminated.
NullReferenceException: Object reference not set to an instance of an object
  at Unity.XR.Oculus.OculusLoader.AssetPathToAbsolutePath (System.String assetPath) [0x00048] in C:\Users\user\Downloads\Create-with-VR_2020LTSBBB\Create-with-VR_2020LTS\VR Room Project\Library\PackageCache\com.unity.xr.oculus@1.8.1\Runtime\OculusLoader.cs:243 
  at Unity.XR.Oculus.OculusLoader.EditorLoadOVRPlugin () [0x0007b] in C:\Users\user\Downloads\Create-with-VR_2020LTSBBB\Create-with-VR_2020LTS\VR Room Project\Library\PackageCache\com.unity.xr.oculus@1.8.1\Runtime\OculusLoader.cs:228 

(Filename: C:/Users/user/Downloads/Create-with-VR_2020LTSBBB/Create-with-VR_2020LTS/VR Room Project/Library/PackageCache/com.unity.xr.oculus@1.8.1/Runtime/OculusLoader.cs Line: 243)

Mono: successfully reloaded assembly
- Completed reload, in  0.642 seconds
Platform modules already initialized, skipping
Switching build target platform(5) subTarget(0) extendedPlatform(0) -> platform(13) subTarget(524288) extendedPlatform(0)
Shader 'Universal Render Pipeline/Particles/Lit': fallback shader 'Universal Render Pipeline/Particles/SimpleLit' not found
Refreshing native plugins compatible for Editor in 0.67 ms, found 14 plugins.
Preloading 2 native plugins for Editor in 0.08 ms.
Unloading 3141 Unused Serialized files (Serialized files now loaded: 0)
System memory in use before: 159.0 MB.
System memory in use after: 159.2 MB.

Unloading 20 unused Assets to reduce memory usage. Loaded Objects now: 3851.
Total: 1.563000 ms (FindLiveObjects: 0.164800 ms CreateObjectMapping: 0.040700 ms MarkObjects: 1.343200 ms  DeleteObjects: 0.013600 ms)

AssetImportParameters requested are different than current active one (requested -> active):
  custom:graphics/normal-map-encoding: 01000000000000000000000000000000 -> 02000000000000000000000000000000
========================================================================
Received Prepare
Registering precompiled user dll's ...
Registered in 0.002982 seconds.
Begin MonoManager ReloadAssembly
Native extension for WindowsStandalone target not found
Native extension for WebGL target not found
Refreshing native plugins compatible for Editor in 0.63 ms, found 14 plugins.
Preloading 2 native plugins for Editor in 0.10 ms.
Invoked RoslynAnalysisRunner static constructor.
RoslynAnalysisRunner will not be running.
RoslynAnalysisRunner has terminated.
NullReferenceException: Object reference not set to an instance of an object
  at Unity.XR.Oculus.OculusLoader.AssetPathToAbsolutePath (System.String assetPath) [0x00048] in C:\Users\user\Downloads\Create-with-VR_2020LTSBBB\Create-with-VR_2020LTS\VR Room Project\Library\PackageCache\com.unity.xr.oculus@1.8.1\Runtime\OculusLoader.cs:243 
  at Unity.XR.Oculus.OculusLoader.EditorLoadOVRPlugin () [0x0007b] in C:\Users\user\Downloads\Create-with-VR_2020LTSBBB\Create-with-VR_2020LTS\VR Room Project\Library\PackageCache\com.unity.xr.oculus@1.8.1\Runtime\OculusLoader.cs:228 

(Filename: C:/Users/user/Downloads/Create-with-VR_2020LTSBBB/Create-with-VR_2020LTS/VR Room Project/Library/PackageCache/com.unity.xr.oculus@1.8.1/Runtime/OculusLoader.cs Line: 243)

Mono: successfully reloaded assembly
- Completed reload, in  0.640 seconds
Platform modules already initialized, skipping
Switching build target platform(5) subTarget(0) extendedPlatform(0) -> platform(13) subTarget(524288) extendedPlatform(0)
Shader 'Universal Render Pipeline/Particles/Lit': fallback shader 'Universal Render Pipeline/Particles/SimpleLit' not found
Refreshing native plugins compatible for Editor in 0.64 ms, found 14 plugins.
Preloading 2 native plugins for Editor in 0.10 ms.
Unloading 3141 Unused Serialized files (Serialized files now loaded: 0)
System memory in use before: 159.0 MB.
System memory in use after: 159.2 MB.

Unloading 20 unused Assets to reduce memory usage. Loaded Objects now: 3855.
Total: 1.682300 ms (FindLiveObjects: 0.160700 ms CreateObjectMapping: 0.039200 ms MarkObjects: 1.465900 ms  DeleteObjects: 0.015900 ms)

AssetImportParameters requested are different than current active one (requested -> active):
  custom:graphics/normal-map-encoding: 01000000000000000000000000000000 -> 02000000000000000000000000000000
========================================================================
Received Prepare
Registering precompiled user dll's ...
Registered in 0.003407 seconds.
Begin MonoManager ReloadAssembly
Native extension for WindowsStandalone target not found
Native extension for WebGL target not found
Refreshing native plugins compatible for Editor in 0.65 ms, found 14 plugins.
Preloading 2 native plugins for Editor in 0.08 ms.
Invoked RoslynAnalysisRunner static constructor.
RoslynAnalysisRunner will not be running.
RoslynAnalysisRunner has terminated.
NullReferenceException: Object reference not set to an instance of an object
  at Unity.XR.Oculus.OculusLoader.AssetPathToAbsolutePath (System.String assetPath) [0x00048] in C:\Users\user\Downloads\Create-with-VR_2020LTSBBB\Create-with-VR_2020LTS\VR Room Project\Library\PackageCache\com.unity.xr.oculus@1.8.1\Runtime\OculusLoader.cs:243 
  at Unity.XR.Oculus.OculusLoader.EditorLoadOVRPlugin () [0x0007b] in C:\Users\user\Downloads\Create-with-VR_2020LTSBBB\Create-with-VR_2020LTS\VR Room Project\Library\PackageCache\com.unity.xr.oculus@1.8.1\Runtime\OculusLoader.cs:228 

(Filename: C:/Users/user/Downloads/Create-with-VR_2020LTSBBB/Create-with-VR_2020LTS/VR Room Project/Library/PackageCache/com.unity.xr.oculus@1.8.1/Runtime/OculusLoader.cs Line: 243)

Mono: successfully reloaded assembly
- Completed reload, in  0.657 seconds
Platform modules already initialized, skipping
Switching build target platform(5) subTarget(0) extendedPlatform(0) -> platform(13) subTarget(524288) extendedPlatform(0)
Shader 'Universal Render Pipeline/Particles/Lit': fallback shader 'Universal Render Pipeline/Particles/SimpleLit' not found
Refreshing native plugins compatible for Editor in 0.71 ms, found 14 plugins.
Preloading 2 native plugins for Editor in 0.07 ms.
Unloading 3141 Unused Serialized files (Serialized files now loaded: 0)
System memory in use before: 159.0 MB.
System memory in use after: 159.2 MB.

Unloading 20 unused Assets to reduce memory usage. Loaded Objects now: 3859.
Total: 1.593100 ms (FindLiveObjects: 0.169200 ms CreateObjectMapping: 0.039300 ms MarkObjects: 1.368200 ms  DeleteObjects: 0.015100 ms)

AssetImportParameters requested are different than current active one (requested -> active):
  custom:graphics/normal-map-encoding: 01000000000000000000000000000000 -> 02000000000000000000000000000000
========================================================================
Received Prepare
Registering precompiled user dll's ...
Registered in 0.003042 seconds.
Begin MonoManager ReloadAssembly
Native extension for WindowsStandalone target not found
Native extension for WebGL target not found
Refreshing native plugins compatible for Editor in 0.78 ms, found 14 plugins.
Preloading 2 native plugins for Editor in 0.11 ms.
Invoked RoslynAnalysisRunner static constructor.
RoslynAnalysisRunner will not be running.
RoslynAnalysisRunner has terminated.
NullReferenceException: Object reference not set to an instance of an object
  at Unity.XR.Oculus.OculusLoader.AssetPathToAbsolutePath (System.String assetPath) [0x00048] in C:\Users\user\Downloads\Create-with-VR_2020LTSBBB\Create-with-VR_2020LTS\VR Room Project\Library\PackageCache\com.unity.xr.oculus@1.8.1\Runtime\OculusLoader.cs:243 
  at Unity.XR.Oculus.OculusLoader.EditorLoadOVRPlugin () [0x0007b] in C:\Users\user\Downloads\Create-with-VR_2020LTSBBB\Create-with-VR_2020LTS\VR Room Project\Library\PackageCache\com.unity.xr.oculus@1.8.1\Runtime\OculusLoader.cs:228 

(Filename: C:/Users/user/Downloads/Create-with-VR_2020LTSBBB/Create-with-VR_2020LTS/VR Room Project/Library/PackageCache/com.unity.xr.oculus@1.8.1/Runtime/OculusLoader.cs Line: 243)

Mono: successfully reloaded assembly
- Completed reload, in  0.637 seconds
Platform modules already initialized, skipping
Switching build target platform(5) subTarget(0) extendedPlatform(0) -> platform(13) subTarget(524288) extendedPlatform(0)
Shader 'Universal Render Pipeline/Particles/Lit': fallback shader 'Universal Render Pipeline/Particles/SimpleLit' not found
Refreshing native plugins compatible for Editor in 0.64 ms, found 14 plugins.
Preloading 2 native plugins for Editor in 0.07 ms.
Unloading 3141 Unused Serialized files (Serialized files now loaded: 0)
System memory in use before: 159.0 MB.
System memory in use after: 159.2 MB.

Unloading 20 unused Assets to reduce memory usage. Loaded Objects now: 3863.
Total: 1.551600 ms (FindLiveObjects: 0.192900 ms CreateObjectMapping: 0.056900 ms MarkObjects: 1.288000 ms  DeleteObjects: 0.013300 ms)

AssetImportParameters requested are different than current active one (requested -> active):
  custom:graphics/normal-map-encoding: 01000000000000000000000000000000 -> 02000000000000000000000000000000
========================================================================
Received Prepare
Registering precompiled user dll's ...
Registered in 0.002957 seconds.
Begin MonoManager ReloadAssembly
Native extension for WindowsStandalone target not found
Native extension for WebGL target not found
Refreshing native plugins compatible for Editor in 0.70 ms, found 14 plugins.
Preloading 2 native plugins for Editor in 0.10 ms.
Invoked RoslynAnalysisRunner static constructor.
RoslynAnalysisRunner will not be running.
RoslynAnalysisRunner has terminated.
NullReferenceException: Object reference not set to an instance of an object
  at Unity.XR.Oculus.OculusLoader.AssetPathToAbsolutePath (System.String assetPath) [0x00048] in C:\Users\user\Downloads\Create-with-VR_2020LTSBBB\Create-with-VR_2020LTS\VR Room Project\Library\PackageCache\com.unity.xr.oculus@1.8.1\Runtime\OculusLoader.cs:243 
  at Unity.XR.Oculus.OculusLoader.EditorLoadOVRPlugin () [0x0007b] in C:\Users\user\Downloads\Create-with-VR_2020LTSBBB\Create-with-VR_2020LTS\VR Room Project\Library\PackageCache\com.unity.xr.oculus@1.8.1\Runtime\OculusLoader.cs:228 

(Filename: C:/Users/user/Downloads/Create-with-VR_2020LTSBBB/Create-with-VR_2020LTS/VR Room Project/Library/PackageCache/com.unity.xr.oculus@1.8.1/Runtime/OculusLoader.cs Line: 243)

Mono: successfully reloaded assembly
- Completed reload, in  0.630 seconds
Platform modules already initialized, skipping
Switching build target platform(5) subTarget(0) extendedPlatform(0) -> platform(13) subTarget(524288) extendedPlatform(0)
Shader 'Universal Render Pipeline/Particles/Lit': fallback shader 'Universal Render Pipeline/Particles/SimpleLit' not found
Refreshing native plugins compatible for Editor in 0.65 ms, found 14 plugins.
Preloading 2 native plugins for Editor in 0.10 ms.
Unloading 3141 Unused Serialized files (Serialized files now loaded: 0)
System memory in use before: 159.0 MB.
System memory in use after: 159.3 MB.

Unloading 20 unused Assets to reduce memory usage. Loaded Objects now: 3867.
Total: 1.682800 ms (FindLiveObjects: 0.166000 ms CreateObjectMapping: 0.040400 ms MarkObjects: 1.455300 ms  DeleteObjects: 0.020500 ms)

AssetImportParameters requested are different than current active one (requested -> active):
  custom:graphics/normal-map-encoding: 01000000000000000000000000000000 -> 02000000000000000000000000000000
========================================================================
Received Prepare
Registering precompiled user dll's ...
Registered in 0.003142 seconds.
Begin MonoManager ReloadAssembly
Native extension for WindowsStandalone target not found
Native extension for WebGL target not found
Refreshing native plugins compatible for Editor in 0.66 ms, found 14 plugins.
Preloading 2 native plugins for Editor in 0.12 ms.
Invoked RoslynAnalysisRunner static constructor.
RoslynAnalysisRunner will not be running.
RoslynAnalysisRunner has terminated.
NullReferenceException: Object reference not set to an instance of an object
  at Unity.XR.Oculus.OculusLoader.AssetPathToAbsolutePath (System.String assetPath) [0x00048] in C:\Users\user\Downloads\Create-with-VR_2020LTSBBB\Create-with-VR_2020LTS\VR Room Project\Library\PackageCache\com.unity.xr.oculus@1.8.1\Runtime\OculusLoader.cs:243 
  at Unity.XR.Oculus.OculusLoader.EditorLoadOVRPlugin () [0x0007b] in C:\Users\user\Downloads\Create-with-VR_2020LTSBBB\Create-with-VR_2020LTS\VR Room Project\Library\PackageCache\com.unity.xr.oculus@1.8.1\Runtime\OculusLoader.cs:228 

(Filename: C:/Users/user/Downloads/Create-with-VR_2020LTSBBB/Create-with-VR_2020LTS/VR Room Project/Library/PackageCache/com.unity.xr.oculus@1.8.1/Runtime/OculusLoader.cs Line: 243)

Mono: successfully reloaded assembly
- Completed reload, in  0.631 seconds
Platform modules already initialized, skipping
Switching build target platform(5) subTarget(0) extendedPlatform(0) -> platform(13) subTarget(524288) extendedPlatform(0)
Shader 'Universal Render Pipeline/Particles/Lit': fallback shader 'Universal Render Pipeline/Particles/SimpleLit' not found
Refreshing native plugins compatible for Editor in 0.64 ms, found 14 plugins.
Preloading 2 native plugins for Editor in 0.07 ms.
Unloading 3141 Unused Serialized files (Serialized files now loaded: 0)
System memory in use before: 159.0 MB.
System memory in use after: 159.3 MB.

Unloading 20 unused Assets to reduce memory usage. Loaded Objects now: 3871.
Total: 1.716800 ms (FindLiveObjects: 0.230400 ms CreateObjectMapping: 0.047200 ms MarkObjects: 1.425400 ms  DeleteObjects: 0.012900 ms)

AssetImportParameters requested are different than current active one (requested -> active):
  custom:graphics/normal-map-encoding: 01000000000000000000000000000000 -> 02000000000000000000000000000000
========================================================================
Received Prepare
Registering precompiled user dll's ...
Registered in 0.003108 seconds.
Begin MonoManager ReloadAssembly
Native extension for WindowsStandalone target not found
Native extension for WebGL target not found
Refreshing native plugins compatible for Editor in 0.67 ms, found 14 plugins.
Preloading 2 native plugins for Editor in 0.12 ms.
Invoked RoslynAnalysisRunner static constructor.
RoslynAnalysisRunner will not be running.
RoslynAnalysisRunner has terminated.
NullReferenceException: Object reference not set to an instance of an object
  at Unity.XR.Oculus.OculusLoader.AssetPathToAbsolutePath (System.String assetPath) [0x00048] in C:\Users\user\Downloads\Create-with-VR_2020LTSBBB\Create-with-VR_2020LTS\VR Room Project\Library\PackageCache\com.unity.xr.oculus@1.8.1\Runtime\OculusLoader.cs:243 
  at Unity.XR.Oculus.OculusLoader.EditorLoadOVRPlugin () [0x0007b] in C:\Users\user\Downloads\Create-with-VR_2020LTSBBB\Create-with-VR_2020LTS\VR Room Project\Library\PackageCache\com.unity.xr.oculus@1.8.1\Runtime\OculusLoader.cs:228 

(Filename: C:/Users/user/Downloads/Create-with-VR_2020LTSBBB/Create-with-VR_2020LTS/VR Room Project/Library/PackageCache/com.unity.xr.oculus@1.8.1/Runtime/OculusLoader.cs Line: 243)

Mono: successfully reloaded assembly
- Completed reload, in  0.657 seconds
Platform modules already initialized, skipping
Switching build target platform(5) subTarget(0) extendedPlatform(0) -> platform(13) subTarget(524288) extendedPlatform(0)
Shader 'Universal Render Pipeline/Particles/Lit': fallback shader 'Universal Render Pipeline/Particles/SimpleLit' not found
Refreshing native plugins compatible for Editor in 0.66 ms, found 14 plugins.
Preloading 2 native plugins for Editor in 0.11 ms.
Unloading 3141 Unused Serialized files (Serialized files now loaded: 0)
System memory in use before: 159.0 MB.
System memory in use after: 159.3 MB.

Unloading 20 unused Assets to reduce memory usage. Loaded Objects now: 3875.
Total: 1.681800 ms (FindLiveObjects: 0.188500 ms CreateObjectMapping: 0.044300 ms MarkObjects: 1.433900 ms  DeleteObjects: 0.014300 ms)

AssetImportParameters requested are different than current active one (requested -> active):
  custom:graphics/normal-map-encoding: 01000000000000000000000000000000 -> 02000000000000000000000000000000
========================================================================
Received Prepare
Registering precompiled user dll's ...
Registered in 0.003126 seconds.
Begin MonoManager ReloadAssembly
Native extension for WindowsStandalone target not found
Native extension for WebGL target not found
Refreshing native plugins compatible for Editor in 0.62 ms, found 14 plugins.
Preloading 2 native plugins for Editor in 0.08 ms.
Invoked RoslynAnalysisRunner static constructor.
RoslynAnalysisRunner will not be running.
RoslynAnalysisRunner has terminated.
NullReferenceException: Object reference not set to an instance of an object
  at Unity.XR.Oculus.OculusLoader.AssetPathToAbsolutePath (System.String assetPath) [0x00048] in C:\Users\user\Downloads\Create-with-VR_2020LTSBBB\Create-with-VR_2020LTS\VR Room Project\Library\PackageCache\com.unity.xr.oculus@1.8.1\Runtime\OculusLoader.cs:243 
  at Unity.XR.Oculus.OculusLoader.EditorLoadOVRPlugin () [0x0007b] in C:\Users\user\Downloads\Create-with-VR_2020LTSBBB\Create-with-VR_2020LTS\VR Room Project\Library\PackageCache\com.unity.xr.oculus@1.8.1\Runtime\OculusLoader.cs:228 

(Filename: C:/Users/user/Downloads/Create-with-VR_2020LTSBBB/Create-with-VR_2020LTS/VR Room Project/Library/PackageCache/com.unity.xr.oculus@1.8.1/Runtime/OculusLoader.cs Line: 243)

Mono: successfully reloaded assembly
- Completed reload, in  0.646 seconds
Platform modules already initialized, skipping
Switching build target platform(5) subTarget(0) extendedPlatform(0) -> platform(13) subTarget(524288) extendedPlatform(0)
Shader 'Universal Render Pipeline/Particles/Lit': fallback shader 'Universal Render Pipeline/Particles/SimpleLit' not found
Refreshing native plugins compatible for Editor in 0.63 ms, found 14 plugins.
Preloading 2 native plugins for Editor in 0.11 ms.
Unloading 3141 Unused Serialized files (Serialized files now loaded: 0)
System memory in use before: 159.0 MB.
System memory in use after: 159.3 MB.

Unloading 20 unused Assets to reduce memory usage. Loaded Objects now: 3879.
Total: 1.635100 ms (FindLiveObjects: 0.179700 ms CreateObjectMapping: 0.041800 ms MarkObjects: 1.395800 ms  DeleteObjects: 0.016900 ms)

AssetImportParameters requested are different than current active one (requested -> active):
  custom:graphics/normal-map-encoding: 01000000000000000000000000000000 -> 02000000000000000000000000000000
========================================================================
Received Prepare
Registering precompiled user dll's ...
Registered in 0.003041 seconds.
Begin MonoManager ReloadAssembly
Native extension for WindowsStandalone target not found
Native extension for WebGL target not found
Refreshing native plugins compatible for Editor in 0.62 ms, found 14 plugins.
Preloading 2 native plugins for Editor in 0.08 ms.
Invoked RoslynAnalysisRunner static constructor.
RoslynAnalysisRunner will not be running.
RoslynAnalysisRunner has terminated.
NullReferenceException: Object reference not set to an instance of an object
  at Unity.XR.Oculus.OculusLoader.AssetPathToAbsolutePath (System.String assetPath) [0x00048] in C:\Users\user\Downloads\Create-with-VR_2020LTSBBB\Create-with-VR_2020LTS\VR Room Project\Library\PackageCache\com.unity.xr.oculus@1.8.1\Runtime\OculusLoader.cs:243 
  at Unity.XR.Oculus.OculusLoader.EditorLoadOVRPlugin () [0x0007b] in C:\Users\user\Downloads\Create-with-VR_2020LTSBBB\Create-with-VR_2020LTS\VR Room Project\Library\PackageCache\com.unity.xr.oculus@1.8.1\Runtime\OculusLoader.cs:228 

(Filename: C:/Users/user/Downloads/Create-with-VR_2020LTSBBB/Create-with-VR_2020LTS/VR Room Project/Library/PackageCache/com.unity.xr.oculus@1.8.1/Runtime/OculusLoader.cs Line: 243)

Mono: successfully reloaded assembly
- Completed reload, in  0.644 seconds
Platform modules already initialized, skipping
Switching build target platform(5) subTarget(0) extendedPlatform(0) -> platform(13) subTarget(524288) extendedPlatform(0)
Shader 'Universal Render Pipeline/Particles/Lit': fallback shader 'Universal Render Pipeline/Particles/SimpleLit' not found
Refreshing native plugins compatible for Editor in 0.67 ms, found 14 plugins.
Preloading 2 native plugins for Editor in 0.08 ms.
Unloading 3141 Unused Serialized files (Serialized files now loaded: 0)
System memory in use before: 159.0 MB.
System memory in use after: 159.3 MB.

Unloading 20 unused Assets to reduce memory usage. Loaded Objects now: 3883.
Total: 1.480500 ms (FindLiveObjects: 0.172900 ms CreateObjectMapping: 0.042700 ms MarkObjects: 1.249500 ms  DeleteObjects: 0.014700 ms)

AssetImportParameters requested are different than current active one (requested -> active):
  custom:graphics/normal-map-encoding: 01000000000000000000000000000000 -> 02000000000000000000000000000000
========================================================================
Received Prepare
Registering precompiled user dll's ...
Registered in 0.003182 seconds.
Begin MonoManager ReloadAssembly
Native extension for WindowsStandalone target not found
Native extension for WebGL target not found
Refreshing native plugins compatible for Editor in 0.67 ms, found 14 plugins.
Preloading 2 native plugins for Editor in 0.08 ms.
Invoked RoslynAnalysisRunner static constructor.
RoslynAnalysisRunner will not be running.
RoslynAnalysisRunner has terminated.
NullReferenceException: Object reference not set to an instance of an object
  at Unity.XR.Oculus.OculusLoader.AssetPathToAbsolutePath (System.String assetPath) [0x00048] in C:\Users\user\Downloads\Create-with-VR_2020LTSBBB\Create-with-VR_2020LTS\VR Room Project\Library\PackageCache\com.unity.xr.oculus@1.8.1\Runtime\OculusLoader.cs:243 
  at Unity.XR.Oculus.OculusLoader.EditorLoadOVRPlugin () [0x0007b] in C:\Users\user\Downloads\Create-with-VR_2020LTSBBB\Create-with-VR_2020LTS\VR Room Project\Library\PackageCache\com.unity.xr.oculus@1.8.1\Runtime\OculusLoader.cs:228 

(Filename: C:/Users/user/Downloads/Create-with-VR_2020LTSBBB/Create-with-VR_2020LTS/VR Room Project/Library/PackageCache/com.unity.xr.oculus@1.8.1/Runtime/OculusLoader.cs Line: 243)

Mono: successfully reloaded assembly
- Completed reload, in  0.662 seconds
Platform modules already initialized, skipping
Switching build target platform(5) subTarget(0) extendedPlatform(0) -> platform(13) subTarget(524288) extendedPlatform(0)
Shader 'Universal Render Pipeline/Particles/Lit': fallback shader 'Universal Render Pipeline/Particles/SimpleLit' not found
Refreshing native plugins compatible for Editor in 0.69 ms, found 14 plugins.
Preloading 2 native plugins for Editor in 0.07 ms.
Unloading 3141 Unused Serialized files (Serialized files now loaded: 0)
System memory in use before: 167.8 MB.
System memory in use after: 168.1 MB.

Unloading 20 unused Assets to reduce memory usage. Loaded Objects now: 3887.
Total: 1.788100 ms (FindLiveObjects: 0.175000 ms CreateObjectMapping: 0.042500 ms MarkObjects: 1.550900 ms  DeleteObjects: 0.018900 ms)

AssetImportParameters requested are different than current active one (requested -> active):
  custom:graphics/normal-map-encoding: 01000000000000000000000000000000 -> 02000000000000000000000000000000
========================================================================
Received Prepare
Registering precompiled user dll's ...
Registered in 0.003851 seconds.
Begin MonoManager ReloadAssembly
Native extension for WindowsStandalone target not found
Native extension for WebGL target not found
Refreshing native plugins compatible for Editor in 0.66 ms, found 14 plugins.
Preloading 2 native plugins for Editor in 0.09 ms.
Invoked RoslynAnalysisRunner static constructor.
RoslynAnalysisRunner will not be running.
RoslynAnalysisRunner has terminated.
NullReferenceException: Object reference not set to an instance of an object
  at Unity.XR.Oculus.OculusLoader.AssetPathToAbsolutePath (System.String assetPath) [0x00048] in C:\Users\user\Downloads\Create-with-VR_2020LTSBBB\Create-with-VR_2020LTS\VR Room Project\Library\PackageCache\com.unity.xr.oculus@1.8.1\Runtime\OculusLoader.cs:243 
  at Unity.XR.Oculus.OculusLoader.EditorLoadOVRPlugin () [0x0007b] in C:\Users\user\Downloads\Create-with-VR_2020LTSBBB\Create-with-VR_2020LTS\VR Room Project\Library\PackageCache\com.unity.xr.oculus@1.8.1\Runtime\OculusLoader.cs:228 

(Filename: C:/Users/user/Downloads/Create-with-VR_2020LTSBBB/Create-with-VR_2020LTS/VR Room Project/Library/PackageCache/com.unity.xr.oculus@1.8.1/Runtime/OculusLoader.cs Line: 243)

Mono: successfully reloaded assembly
- Completed reload, in  0.684 seconds
Platform modules already initialized, skipping
Switching build target platform(5) subTarget(0) extendedPlatform(0) -> platform(13) subTarget(524288) extendedPlatform(0)
Shader 'Universal Render Pipeline/Particles/Lit': fallback shader 'Universal Render Pipeline/Particles/SimpleLit' not found
Refreshing native plugins compatible for Editor in 0.66 ms, found 14 plugins.
Preloading 2 native plugins for Editor in 0.07 ms.
Unloading 3141 Unused Serialized files (Serialized files now loaded: 0)
System memory in use before: 159.1 MB.
System memory in use after: 159.3 MB.

Unloading 20 unused Assets to reduce memory usage. Loaded Objects now: 3891.
Total: 1.607100 ms (FindLiveObjects: 0.167600 ms CreateObjectMapping: 0.040900 ms MarkObjects: 1.383300 ms  DeleteObjects: 0.014600 ms)

AssetImportParameters requested are different than current active one (requested -> active):
  custom:graphics/normal-map-encoding: 01000000000000000000000000000000 -> 02000000000000000000000000000000
========================================================================
Received Prepare
Registering precompiled user dll's ...
Registered in 0.003005 seconds.
Begin MonoManager ReloadAssembly
Native extension for WindowsStandalone target not found
Native extension for WebGL target not found
Refreshing native plugins compatible for Editor in 0.70 ms, found 14 plugins.
Preloading 2 native plugins for Editor in 0.09 ms.
Invoked RoslynAnalysisRunner static constructor.
RoslynAnalysisRunner will not be running.
RoslynAnalysisRunner has terminated.
NullReferenceException: Object reference not set to an instance of an object
  at Unity.XR.Oculus.OculusLoader.AssetPathToAbsolutePath (System.String assetPath) [0x00048] in C:\Users\user\Downloads\Create-with-VR_2020LTSBBB\Create-with-VR_2020LTS\VR Room Project\Library\PackageCache\com.unity.xr.oculus@1.8.1\Runtime\OculusLoader.cs:243 
  at Unity.XR.Oculus.OculusLoader.EditorLoadOVRPlugin () [0x0007b] in C:\Users\user\Downloads\Create-with-VR_2020LTSBBB\Create-with-VR_2020LTS\VR Room Project\Library\PackageCache\com.unity.xr.oculus@1.8.1\Runtime\OculusLoader.cs:228 

(Filename: C:/Users/user/Downloads/Create-with-VR_2020LTSBBB/Create-with-VR_2020LTS/VR Room Project/Library/PackageCache/com.unity.xr.oculus@1.8.1/Runtime/OculusLoader.cs Line: 243)

Mono: successfully reloaded assembly
- Completed reload, in  0.648 seconds
Platform modules already initialized, skipping
Switching build target platform(5) subTarget(0) extendedPlatform(0) -> platform(13) subTarget(524288) extendedPlatform(0)
Shader 'Universal Render Pipeline/Particles/Lit': fallback shader 'Universal Render Pipeline/Particles/SimpleLit' not found
Refreshing native plugins compatible for Editor in 0.63 ms, found 14 plugins.
Preloading 2 native plugins for Editor in 0.09 ms.
Unloading 3141 Unused Serialized files (Serialized files now loaded: 0)
System memory in use before: 159.1 MB.
System memory in use after: 159.3 MB.

Unloading 20 unused Assets to reduce memory usage. Loaded Objects now: 3895.
Total: 1.638900 ms (FindLiveObjects: 0.182400 ms CreateObjectMapping: 0.065400 ms MarkObjects: 1.370900 ms  DeleteObjects: 0.019400 ms)

AssetImportParameters requested are different than current active one (requested -> active):
  custom:graphics/normal-map-encoding: 01000000000000000000000000000000 -> 02000000000000000000000000000000
========================================================================
Received Prepare
Registering precompiled user dll's ...
Registered in 0.003078 seconds.
Begin MonoManager ReloadAssembly
Native extension for WindowsStandalone target not found
Native extension for WebGL target not found
Refreshing native plugins compatible for Editor in 0.67 ms, found 14 plugins.
Preloading 2 native plugins for Editor in 0.14 ms.
Invoked RoslynAnalysisRunner static constructor.
RoslynAnalysisRunner will not be running.
RoslynAnalysisRunner has terminated.
NullReferenceException: Object reference not set to an instance of an object
  at Unity.XR.Oculus.OculusLoader.AssetPathToAbsolutePath (System.String assetPath) [0x00048] in C:\Users\user\Downloads\Create-with-VR_2020LTSBBB\Create-with-VR_2020LTS\VR Room Project\Library\PackageCache\com.unity.xr.oculus@1.8.1\Runtime\OculusLoader.cs:243 
  at Unity.XR.Oculus.OculusLoader.EditorLoadOVRPlugin () [0x0007b] in C:\Users\user\Downloads\Create-with-VR_2020LTSBBB\Create-with-VR_2020LTS\VR Room Project\Library\PackageCache\com.unity.xr.oculus@1.8.1\Runtime\OculusLoader.cs:228 

(Filename: C:/Users/user/Downloads/Create-with-VR_2020LTSBBB/Create-with-VR_2020LTS/VR Room Project/Library/PackageCache/com.unity.xr.oculus@1.8.1/Runtime/OculusLoader.cs Line: 243)

Mono: successfully reloaded assembly
- Completed reload, in  0.671 seconds
Platform modules already initialized, skipping
Switching build target platform(5) subTarget(0) extendedPlatform(0) -> platform(13) subTarget(524288) extendedPlatform(0)
Shader 'Universal Render Pipeline/Particles/Lit': fallback shader 'Universal Render Pipeline/Particles/SimpleLit' not found
Refreshing native plugins compatible for Editor in 0.65 ms, found 14 plugins.
Preloading 2 native plugins for Editor in 0.10 ms.
Unloading 3141 Unused Serialized files (Serialized files now loaded: 0)
System memory in use before: 159.1 MB.
System memory in use after: 159.3 MB.

Unloading 20 unused Assets to reduce memory usage. Loaded Objects now: 3899.
Total: 1.677800 ms (FindLiveObjects: 0.171500 ms CreateObjectMapping: 0.042400 ms MarkObjects: 1.448800 ms  DeleteObjects: 0.014200 ms)

AssetImportParameters requested are different than current active one (requested -> active):
  custom:graphics/normal-map-encoding: 01000000000000000000000000000000 -> 02000000000000000000000000000000
========================================================================
Received Prepare
Registering precompiled user dll's ...
Registered in 0.003908 seconds.
Begin MonoManager ReloadAssembly
Native extension for WindowsStandalone target not found
Native extension for WebGL target not found
Refreshing native plugins compatible for Editor in 0.68 ms, found 14 plugins.
Preloading 2 native plugins for Editor in 0.11 ms.
Invoked RoslynAnalysisRunner static constructor.
RoslynAnalysisRunner will not be running.
RoslynAnalysisRunner has terminated.
NullReferenceException: Object reference not set to an instance of an object
  at Unity.XR.Oculus.OculusLoader.AssetPathToAbsolutePath (System.String assetPath) [0x00048] in C:\Users\user\Downloads\Create-with-VR_2020LTSBBB\Create-with-VR_2020LTS\VR Room Project\Library\PackageCache\com.unity.xr.oculus@1.8.1\Runtime\OculusLoader.cs:243 
  at Unity.XR.Oculus.OculusLoader.EditorLoadOVRPlugin () [0x0007b] in C:\Users\user\Downloads\Create-with-VR_2020LTSBBB\Create-with-VR_2020LTS\VR Room Project\Library\PackageCache\com.unity.xr.oculus@1.8.1\Runtime\OculusLoader.cs:228 

(Filename: C:/Users/user/Downloads/Create-with-VR_2020LTSBBB/Create-with-VR_2020LTS/VR Room Project/Library/PackageCache/com.unity.xr.oculus@1.8.1/Runtime/OculusLoader.cs Line: 243)

Mono: successfully reloaded assembly
- Completed reload, in  0.647 seconds
Platform modules already initialized, skipping
Switching build target platform(5) subTarget(0) extendedPlatform(0) -> platform(13) subTarget(524288) extendedPlatform(0)
Shader 'Universal Render Pipeline/Particles/Lit': fallback shader 'Universal Render Pipeline/Particles/SimpleLit' not found
Refreshing native plugins compatible for Editor in 0.61 ms, found 14 plugins.
Preloading 2 native plugins for Editor in 0.07 ms.
Unloading 3141 Unused Serialized files (Serialized files now loaded: 0)
System memory in use before: 159.1 MB.
System memory in use after: 159.3 MB.

Unloading 20 unused Assets to reduce memory usage. Loaded Objects now: 3903.
Total: 1.587500 ms (FindLiveObjects: 0.166000 ms CreateObjectMapping: 0.039900 ms MarkObjects: 1.365700 ms  DeleteObjects: 0.015000 ms)

AssetImportParameters requested are different than current active one (requested -> active):
  custom:graphics/normal-map-encoding: 01000000000000000000000000000000 -> 02000000000000000000000000000000
========================================================================
Received Prepare
Registering precompiled user dll's ...
Registered in 0.003013 seconds.
Begin MonoManager ReloadAssembly
Native extension for WindowsStandalone target not found
Native extension for WebGL target not found
Refreshing native plugins compatible for Editor in 0.63 ms, found 14 plugins.
Preloading 2 native plugins for Editor in 0.08 ms.
Invoked RoslynAnalysisRunner static constructor.
RoslynAnalysisRunner will not be running.
RoslynAnalysisRunner has terminated.
NullReferenceException: Object reference not set to an instance of an object
  at Unity.XR.Oculus.OculusLoader.AssetPathToAbsolutePath (System.String assetPath) [0x00048] in C:\Users\user\Downloads\Create-with-VR_2020LTSBBB\Create-with-VR_2020LTS\VR Room Project\Library\PackageCache\com.unity.xr.oculus@1.8.1\Runtime\OculusLoader.cs:243 
  at Unity.XR.Oculus.OculusLoader.EditorLoadOVRPlugin () [0x0007b] in C:\Users\user\Downloads\Create-with-VR_2020LTSBBB\Create-with-VR_2020LTS\VR Room Project\Library\PackageCache\com.unity.xr.oculus@1.8.1\Runtime\OculusLoader.cs:228 

(Filename: C:/Users/user/Downloads/Create-with-VR_2020LTSBBB/Create-with-VR_2020LTS/VR Room Project/Library/PackageCache/com.unity.xr.oculus@1.8.1/Runtime/OculusLoader.cs Line: 243)

Mono: successfully reloaded assembly
- Completed reload, in  0.657 seconds
Platform modules already initialized, skipping
Switching build target platform(5) subTarget(0) extendedPlatform(0) -> platform(13) subTarget(524288) extendedPlatform(0)
Shader 'Universal Render Pipeline/Particles/Lit': fallback shader 'Universal Render Pipeline/Particles/SimpleLit' not found
Refreshing native plugins compatible for Editor in 0.63 ms, found 14 plugins.
Preloading 2 native plugins for Editor in 0.07 ms.
Unloading 3141 Unused Serialized files (Serialized files now loaded: 0)
System memory in use before: 159.1 MB.
System memory in use after: 159.3 MB.

Unloading 20 unused Assets to reduce memory usage. Loaded Objects now: 3907.
Total: 1.642700 ms (FindLiveObjects: 0.185800 ms CreateObjectMapping: 0.042900 ms MarkObjects: 1.398700 ms  DeleteObjects: 0.014600 ms)

AssetImportParameters requested are different than current active one (requested -> active):
  custom:graphics/normal-map-encoding: 01000000000000000000000000000000 -> 02000000000000000000000000000000
========================================================================
Received Prepare
Registering precompiled user dll's ...
Registered in 0.003000 seconds.
Begin MonoManager ReloadAssembly
Native extension for WindowsStandalone target not found
Native extension for WebGL target not found
Refreshing native plugins compatible for Editor in 0.66 ms, found 14 plugins.
Preloading 2 native plugins for Editor in 0.08 ms.
Invoked RoslynAnalysisRunner static constructor.
RoslynAnalysisRunner will not be running.
RoslynAnalysisRunner has terminated.
NullReferenceException: Object reference not set to an instance of an object
  at Unity.XR.Oculus.OculusLoader.AssetPathToAbsolutePath (System.String assetPath) [0x00048] in C:\Users\user\Downloads\Create-with-VR_2020LTSBBB\Create-with-VR_2020LTS\VR Room Project\Library\PackageCache\com.unity.xr.oculus@1.8.1\Runtime\OculusLoader.cs:243 
  at Unity.XR.Oculus.OculusLoader.EditorLoadOVRPlugin () [0x0007b] in C:\Users\user\Downloads\Create-with-VR_2020LTSBBB\Create-with-VR_2020LTS\VR Room Project\Library\PackageCache\com.unity.xr.oculus@1.8.1\Runtime\OculusLoader.cs:228 

(Filename: C:/Users/user/Downloads/Create-with-VR_2020LTSBBB/Create-with-VR_2020LTS/VR Room Project/Library/PackageCache/com.unity.xr.oculus@1.8.1/Runtime/OculusLoader.cs Line: 243)

Mono: successfully reloaded assembly
- Completed reload, in  0.654 seconds
Platform modules already initialized, skipping
Switching build target platform(5) subTarget(0) extendedPlatform(0) -> platform(13) subTarget(524288) extendedPlatform(0)
Shader 'Universal Render Pipeline/Particles/Lit': fallback shader 'Universal Render Pipeline/Particles/SimpleLit' not found
Refreshing native plugins compatible for Editor in 0.70 ms, found 14 plugins.
Preloading 2 native plugins for Editor in 0.08 ms.
Unloading 3141 Unused Serialized files (Serialized files now loaded: 0)
System memory in use before: 159.1 MB.
System memory in use after: 159.4 MB.

Unloading 20 unused Assets to reduce memory usage. Loaded Objects now: 3911.
Total: 1.599900 ms (FindLiveObjects: 0.161700 ms CreateObjectMapping: 0.038500 ms MarkObjects: 1.384900 ms  DeleteObjects: 0.014100 ms)

AssetImportParameters requested are different than current active one (requested -> active):
  custom:graphics/normal-map-encoding: 01000000000000000000000000000000 -> 02000000000000000000000000000000
AssetImportWorkerClient::OnTransportError - code=2 error=End of file
